mode: set
github.com/morganhein/shoelace/pkg/manager/decider.go:13.39,15.2 1 1
github.com/morganhein/shoelace/pkg/manager/decider.go:21.87,24.34 2 1
github.com/morganhein/shoelace/pkg/manager/decider.go:28.2,29.35 2 1
github.com/morganhein/shoelace/pkg/manager/decider.go:32.2,32.13 1 1
github.com/morganhein/shoelace/pkg/manager/decider.go:24.34,26.3 1 1
github.com/morganhein/shoelace/pkg/manager/decider.go:29.35,31.3 1 1
github.com/morganhein/shoelace/pkg/manager/decider.go:35.75,36.35 1 1
github.com/morganhein/shoelace/pkg/manager/decider.go:43.2,43.12 1 1
github.com/morganhein/shoelace/pkg/manager/decider.go:36.35,39.17 2 1
github.com/morganhein/shoelace/pkg/manager/decider.go:39.17,41.4 1 1
github.com/morganhein/shoelace/pkg/manager/env.go:79.57,86.16 3 1
github.com/morganhein/shoelace/pkg/manager/env.go:89.2,89.23 1 1
github.com/morganhein/shoelace/pkg/manager/env.go:92.2,92.25 1 1
github.com/morganhein/shoelace/pkg/manager/env.go:95.2,95.20 1 1
github.com/morganhein/shoelace/pkg/manager/env.go:98.2,98.15 1 1
github.com/morganhein/shoelace/pkg/manager/env.go:86.16,88.3 1 0
github.com/morganhein/shoelace/pkg/manager/env.go:89.23,91.3 1 0
github.com/morganhein/shoelace/pkg/manager/env.go:92.25,94.3 1 0
github.com/morganhein/shoelace/pkg/manager/env.go:95.20,97.3 1 0
github.com/morganhein/shoelace/pkg/manager/env.go:101.79,103.16 2 1
github.com/morganhein/shoelace/pkg/manager/env.go:106.2,106.38 1 1
github.com/morganhein/shoelace/pkg/manager/env.go:103.16,105.3 1 0
github.com/morganhein/shoelace/pkg/manager/env.go:110.62,111.30 1 1
github.com/morganhein/shoelace/pkg/manager/env.go:114.2,114.46 1 1
github.com/morganhein/shoelace/pkg/manager/env.go:119.2,119.32 1 1
github.com/morganhein/shoelace/pkg/manager/env.go:122.2,122.60 1 1
github.com/morganhein/shoelace/pkg/manager/env.go:127.2,127.27 1 1
github.com/morganhein/shoelace/pkg/manager/env.go:130.2,130.45 1 1
github.com/morganhein/shoelace/pkg/manager/env.go:135.2,135.17 1 1
github.com/morganhein/shoelace/pkg/manager/env.go:111.30,113.3 1 1
github.com/morganhein/shoelace/pkg/manager/env.go:114.46,115.69 1 0
github.com/morganhein/shoelace/pkg/manager/env.go:115.69,117.4 1 0
github.com/morganhein/shoelace/pkg/manager/env.go:119.32,121.3 1 1
github.com/morganhein/shoelace/pkg/manager/env.go:122.60,123.77 1 1
github.com/morganhein/shoelace/pkg/manager/env.go:123.77,125.4 1 1
github.com/morganhein/shoelace/pkg/manager/env.go:127.27,129.3 1 1
github.com/morganhein/shoelace/pkg/manager/env.go:130.45,131.67 1 0
github.com/morganhein/shoelace/pkg/manager/env.go:131.67,133.4 1 0
github.com/morganhein/shoelace/pkg/manager/env.go:140.64,141.30 1 0
github.com/morganhein/shoelace/pkg/manager/env.go:144.2,144.46 1 0
github.com/morganhein/shoelace/pkg/manager/env.go:147.2,147.32 1 0
github.com/morganhein/shoelace/pkg/manager/env.go:150.2,150.60 1 0
github.com/morganhein/shoelace/pkg/manager/env.go:153.2,153.27 1 0
github.com/morganhein/shoelace/pkg/manager/env.go:156.2,156.45 1 0
github.com/morganhein/shoelace/pkg/manager/env.go:159.2,159.17 1 0
github.com/morganhein/shoelace/pkg/manager/env.go:141.30,143.3 1 0
github.com/morganhein/shoelace/pkg/manager/env.go:144.46,146.3 1 0
github.com/morganhein/shoelace/pkg/manager/env.go:147.32,149.3 1 0
github.com/morganhein/shoelace/pkg/manager/env.go:150.60,152.3 1 0
github.com/morganhein/shoelace/pkg/manager/env.go:153.27,155.3 1 0
github.com/morganhein/shoelace/pkg/manager/env.go:156.45,158.3 1 0
github.com/morganhein/shoelace/pkg/manager/env.go:163.52,164.28 1 1
github.com/morganhein/shoelace/pkg/manager/env.go:170.2,170.28 1 1
github.com/morganhein/shoelace/pkg/manager/env.go:177.2,177.38 1 1
github.com/morganhein/shoelace/pkg/manager/env.go:164.28,165.34 1 1
github.com/morganhein/shoelace/pkg/manager/env.go:168.3,168.53 1 1
github.com/morganhein/shoelace/pkg/manager/env.go:165.34,167.4 1 0
github.com/morganhein/shoelace/pkg/manager/env.go:170.28,172.17 2 1
github.com/morganhein/shoelace/pkg/manager/env.go:175.3,175.29 1 1
github.com/morganhein/shoelace/pkg/manager/env.go:172.17,174.4 1 0
github.com/morganhein/shoelace/pkg/manager/env.go:182.59,185.16 3 1
github.com/morganhein/shoelace/pkg/manager/env.go:188.2,188.52 1 1
github.com/morganhein/shoelace/pkg/manager/env.go:185.16,187.3 1 0
github.com/morganhein/shoelace/pkg/manager/env.go:191.118,193.33 1 1
github.com/morganhein/shoelace/pkg/manager/env.go:201.2,202.58 2 1
github.com/morganhein/shoelace/pkg/manager/env.go:210.2,210.48 1 1
github.com/morganhein/shoelace/pkg/manager/env.go:218.2,218.40 1 1
github.com/morganhein/shoelace/pkg/manager/env.go:230.2,230.48 1 1
github.com/morganhein/shoelace/pkg/manager/env.go:234.2,234.64 1 0
github.com/morganhein/shoelace/pkg/manager/env.go:193.33,195.9 2 0
github.com/morganhein/shoelace/pkg/manager/env.go:199.3,199.106 1 0
github.com/morganhein/shoelace/pkg/manager/env.go:195.9,198.4 2 0
github.com/morganhein/shoelace/pkg/manager/env.go:202.58,204.10 2 1
github.com/morganhein/shoelace/pkg/manager/env.go:207.3,208.63 2 1
github.com/morganhein/shoelace/pkg/manager/env.go:204.10,205.12 1 1
github.com/morganhein/shoelace/pkg/manager/env.go:210.48,212.9 2 0
github.com/morganhein/shoelace/pkg/manager/env.go:216.3,216.102 1 0
github.com/morganhein/shoelace/pkg/manager/env.go:212.9,215.4 2 0
github.com/morganhein/shoelace/pkg/manager/env.go:218.40,219.47 1 0
github.com/morganhein/shoelace/pkg/manager/env.go:226.3,226.106 1 0
github.com/morganhein/shoelace/pkg/manager/env.go:219.47,220.59 1 0
github.com/morganhein/shoelace/pkg/manager/env.go:220.59,221.37 1 0
github.com/morganhein/shoelace/pkg/manager/env.go:221.37,223.6 1 0
github.com/morganhein/shoelace/pkg/manager/env.go:230.48,232.3 1 1
github.com/morganhein/shoelace/pkg/manager/env.go:238.53,239.44 1 1
github.com/morganhein/shoelace/pkg/manager/env.go:244.2,244.18 1 1
github.com/morganhein/shoelace/pkg/manager/env.go:239.44,240.22 1 1
github.com/morganhein/shoelace/pkg/manager/env.go:240.22,242.4 1 1
github.com/morganhein/shoelace/pkg/manager/env.go:251.43,254.22 2 0
github.com/morganhein/shoelace/pkg/manager/env.go:257.2,257.15 1 0
github.com/morganhein/shoelace/pkg/manager/env.go:254.22,256.3 1 0
github.com/morganhein/shoelace/pkg/manager/env.go:261.58,265.2 2 0
github.com/morganhein/shoelace/pkg/manager/manager.go:63.67,72.2 5 0
github.com/morganhein/shoelace/pkg/manager/manager.go:74.81,76.16 2 0
github.com/morganhein/shoelace/pkg/manager/manager.go:80.2,82.49 3 0
github.com/morganhein/shoelace/pkg/manager/manager.go:76.16,78.3 1 0
github.com/morganhein/shoelace/pkg/manager/manager.go:85.83,87.16 2 0
github.com/morganhein/shoelace/pkg/manager/manager.go:91.2,94.51 3 0
github.com/morganhein/shoelace/pkg/manager/manager.go:87.16,89.3 1 0
github.com/morganhein/shoelace/pkg/manager/manager.go:97.114,98.25 1 0
github.com/morganhein/shoelace/pkg/manager/manager.go:101.2,101.22 1 0
github.com/morganhein/shoelace/pkg/manager/manager.go:109.2,110.51 2 0
github.com/morganhein/shoelace/pkg/manager/manager.go:98.25,100.3 1 0
github.com/morganhein/shoelace/pkg/manager/manager.go:102.11,104.52 2 0
github.com/morganhein/shoelace/pkg/manager/manager.go:105.11,106.59 1 0
github.com/morganhein/shoelace/pkg/manager/manager.go:123.106,127.9 3 0
github.com/morganhein/shoelace/pkg/manager/manager.go:131.2,131.36 1 0
github.com/morganhein/shoelace/pkg/manager/manager.go:142.2,142.25 1 0
github.com/morganhein/shoelace/pkg/manager/manager.go:146.2,146.54 1 0
github.com/morganhein/shoelace/pkg/manager/manager.go:152.2,152.35 1 0
github.com/morganhein/shoelace/pkg/manager/manager.go:163.2,163.29 1 0
github.com/morganhein/shoelace/pkg/manager/manager.go:170.2,170.32 1 0
github.com/morganhein/shoelace/pkg/manager/manager.go:177.2,177.32 1 0
github.com/morganhein/shoelace/pkg/manager/manager.go:184.2,184.33 1 0
github.com/morganhein/shoelace/pkg/manager/manager.go:190.2,190.12 1 0
github.com/morganhein/shoelace/pkg/manager/manager.go:127.9,129.3 1 0
github.com/morganhein/shoelace/pkg/manager/manager.go:131.36,132.29 1 0
github.com/morganhein/shoelace/pkg/manager/manager.go:135.3,135.42 1 0
github.com/morganhein/shoelace/pkg/manager/manager.go:140.3,140.15 1 0
github.com/morganhein/shoelace/pkg/manager/manager.go:132.29,134.4 1 0
github.com/morganhein/shoelace/pkg/manager/manager.go:135.42,136.49 1 0
github.com/morganhein/shoelace/pkg/manager/manager.go:136.49,138.5 1 0
github.com/morganhein/shoelace/pkg/manager/manager.go:142.25,144.3 1 0
github.com/morganhein/shoelace/pkg/manager/manager.go:146.54,149.3 2 0
github.com/morganhein/shoelace/pkg/manager/manager.go:152.35,153.22 1 0
github.com/morganhein/shoelace/pkg/manager/manager.go:156.3,157.17 2 0
github.com/morganhein/shoelace/pkg/manager/manager.go:153.22,155.4 1 0
github.com/morganhein/shoelace/pkg/manager/manager.go:157.17,159.4 1 0
github.com/morganhein/shoelace/pkg/manager/manager.go:163.29,164.68 1 0
github.com/morganhein/shoelace/pkg/manager/manager.go:164.68,166.4 1 0
github.com/morganhein/shoelace/pkg/manager/manager.go:170.32,171.64 1 0
github.com/morganhein/shoelace/pkg/manager/manager.go:171.64,173.4 1 0
github.com/morganhein/shoelace/pkg/manager/manager.go:177.32,178.56 1 0
github.com/morganhein/shoelace/pkg/manager/manager.go:178.56,180.4 1 0
github.com/morganhein/shoelace/pkg/manager/manager.go:184.33,185.64 1 0
github.com/morganhein/shoelace/pkg/manager/manager.go:185.64,187.4 1 0
github.com/morganhein/shoelace/pkg/manager/manager.go:194.108,202.16 7 0
github.com/morganhein/shoelace/pkg/manager/manager.go:205.2,205.12 1 0
github.com/morganhein/shoelace/pkg/manager/manager.go:202.16,204.3 1 0
github.com/morganhein/shoelace/pkg/manager/manager.go:208.84,209.18 1 0
github.com/morganhein/shoelace/pkg/manager/manager.go:212.2,212.66 1 0
github.com/morganhein/shoelace/pkg/manager/manager.go:209.18,211.3 1 0
github.com/morganhein/shoelace/pkg/manager/manager.go:215.106,218.20 3 0
github.com/morganhein/shoelace/pkg/manager/manager.go:221.2,223.21 3 0
github.com/morganhein/shoelace/pkg/manager/manager.go:227.2,227.19 1 0
github.com/morganhein/shoelace/pkg/manager/manager.go:232.2,232.37 1 0
github.com/morganhein/shoelace/pkg/manager/manager.go:236.2,237.12 2 0
github.com/morganhein/shoelace/pkg/manager/manager.go:218.20,220.3 1 0
github.com/morganhein/shoelace/pkg/manager/manager.go:223.21,225.3 1 0
github.com/morganhein/shoelace/pkg/manager/manager.go:227.19,230.3 2 0
github.com/morganhein/shoelace/pkg/manager/manager.go:232.37,235.3 2 0
github.com/morganhein/shoelace/pkg/manager/manager.go:240.112,241.23 1 1
github.com/morganhein/shoelace/pkg/manager/manager.go:246.2,250.16 3 1
github.com/morganhein/shoelace/pkg/manager/manager.go:255.2,256.9 2 1
github.com/morganhein/shoelace/pkg/manager/manager.go:262.2,267.16 4 1
github.com/morganhein/shoelace/pkg/manager/manager.go:270.2,270.12 1 1
github.com/morganhein/shoelace/pkg/manager/manager.go:241.23,243.3 1 0
github.com/morganhein/shoelace/pkg/manager/manager.go:250.16,252.3 1 0
github.com/morganhein/shoelace/pkg/manager/manager.go:256.9,258.3 1 1
github.com/morganhein/shoelace/pkg/manager/manager.go:267.16,269.3 1 0
github.com/morganhein/shoelace/pkg/manager/substitution.go:12.80,14.10 2 1
github.com/morganhein/shoelace/pkg/manager/substitution.go:21.2,21.35 1 1
github.com/morganhein/shoelace/pkg/manager/substitution.go:14.10,17.3 2 1
github.com/morganhein/shoelace/pkg/manager/substitution.go:17.8,20.3 2 1
github.com/morganhein/shoelace/pkg/manager/substitution.go:26.70,28.10 1 0
github.com/morganhein/shoelace/pkg/manager/substitution.go:35.2,35.25 1 0
github.com/morganhein/shoelace/pkg/manager/substitution.go:42.2,44.20 3 0
github.com/morganhein/shoelace/pkg/manager/substitution.go:47.2,47.32 1 0
github.com/morganhein/shoelace/pkg/manager/substitution.go:56.2,56.16 1 0
github.com/morganhein/shoelace/pkg/manager/substitution.go:28.10,31.3 2 0
github.com/morganhein/shoelace/pkg/manager/substitution.go:31.8,34.3 2 0
github.com/morganhein/shoelace/pkg/manager/substitution.go:35.25,38.3 2 0
github.com/morganhein/shoelace/pkg/manager/substitution.go:44.20,46.3 1 0
github.com/morganhein/shoelace/pkg/manager/substitution.go:47.32,50.14 2 0
github.com/morganhein/shoelace/pkg/manager/substitution.go:54.3,54.54 1 0
github.com/morganhein/shoelace/pkg/manager/substitution.go:50.14,52.12 1 0
github.com/morganhein/shoelace/pkg/manager/substitution.go:59.33,62.2 2 1
github.com/morganhein/shoelace/pkg/manager/substitution.go:65.62,66.34 1 1
github.com/morganhein/shoelace/pkg/manager/substitution.go:69.2,69.35 1 1
github.com/morganhein/shoelace/pkg/manager/substitution.go:72.2,72.22 1 1
github.com/morganhein/shoelace/pkg/manager/substitution.go:75.2,75.23 1 1
github.com/morganhein/shoelace/pkg/manager/substitution.go:66.34,68.3 1 0
github.com/morganhein/shoelace/pkg/manager/substitution.go:69.35,71.3 1 0
github.com/morganhein/shoelace/pkg/manager/substitution.go:72.22,74.3 1 0
